2023-04-19T11:33:52+00:00 ERROR The api key provided is invalid
2023-04-19T11:34:01+00:00 ERROR The api key provided is invalid
2023-04-19T11:34:20+00:00 ERROR The api key provided is invalid
2023-04-19T11:34:23+00:00 ERROR The api key provided is invalid
2023-04-19T11:34:37+00:00 ERROR The api key provided is invalid
2023-04-19T11:34:40+00:00 ERROR The api key provided is invalid
2023-04-19T11:35:17+00:00 ERROR The api key provided is invalid
2023-04-19T11:35:18+00:00 ERROR The api key provided is invalid
2023-04-19T11:38:32+00:00 ERROR The api key provided is invalid
2023-04-19T11:39:20+00:00 ERROR The api key provided is invalid
2023-04-19T11:39:24+00:00 ERROR The api key provided is invalid
2023-04-19T12:13:19+00:00 ERROR The api key provided is invalid
2023-04-19T12:13:21+00:00 ERROR The api key provided is invalid
2023-04-19T12:13:43+00:00 ERROR The api key provided is invalid
2023-04-19T12:13:51+00:00 ERROR The api key provided is invalid
2023-04-19T12:14:05+00:00 ERROR The api key provided is invalid
2023-04-19T12:15:51+00:00 ERROR The api key provided is invalid
2023-04-19T12:16:11+00:00 ERROR The api key provided is invalid
2023-04-19T15:52:51+00:00 ERROR The api key provided is invalid
2023-04-19T15:53:00+00:00 INFO Trying to create one_cc_address_sync_cron
2023-04-19T15:53:00+00:00 INFO Failed to create one_cc_address_sync_cron as invalid one cc merchant
2023-04-19T15:53:00+00:00 INFO Attempting to delete one_cc_address_sync_cron, status: cancelled, message: invalid_1cc_merchant
2023-04-19T15:53:00+00:00 INFO Deleted one_cc_address_sync_cron  if exists
2023-04-19T15:53:00+00:00 INFO updateAddressSyncCronData: status=cancelled, message=invalid_1cc_merchant, cronStatus=deleted
2023-04-19T15:53:00+00:00 INFO updateAddressSyncCronData: successfully updated
2023-04-19T15:53:32+00:00 ERROR The api key provided is invalid
2023-04-19T15:53:33+00:00 ERROR The api key provided is invalid
2023-04-19T15:53:49+00:00 ERROR The api key provided is invalid
2023-04-19T15:53:52+00:00 ERROR The api key provided is invalid
2023-04-19T15:54:00+00:00 ERROR The api key provided is invalid
2023-04-19T15:54:08+00:00 ERROR The api key provided is invalid
2023-04-19T15:54:43+00:00 ERROR The api key provided is invalid
2023-04-19T15:55:24+00:00 ERROR The api key provided is invalid
2023-04-19T15:55:41+00:00 ERROR The api key provided is invalid
2023-04-19T15:56:07+00:00 ERROR The api key provided is invalid
2023-04-19T15:56:15+00:00 ERROR The api key provided is invalid
2023-04-19T15:56:23+00:00 ERROR The api key provided is invalid
2023-04-19T15:56:25+00:00 ERROR The api key provided is invalid
2023-04-19T15:56:45+00:00 ERROR The api key provided is invalid
2023-04-19T15:57:22+00:00 ERROR The api key provided is invalid
2023-04-19T15:57:24+00:00 ERROR The api key provided is invalid
2023-04-19T16:04:32+00:00 ERROR The api key provided is invalid
2023-04-19T16:04:39+00:00 ERROR The api key provided is invalid
2023-04-19T16:05:54+00:00 ERROR The api key provided is invalid
2023-04-19T16:06:06+00:00 ERROR The api key provided is invalid
2023-04-19T16:06:12+00:00 ERROR The api key provided is invalid
2023-04-19T16:06:57+00:00 ERROR The api key provided is invalid
2023-04-19T16:07:47+00:00 ERROR The api key provided is invalid
2023-04-19T16:08:06+00:00 ERROR The api key provided is invalid
2023-04-19T16:08:12+00:00 ERROR The api key provided is invalid
2023-04-19T16:08:14+00:00 ERROR The api key provided is invalid
2023-04-19T16:08:25+00:00 ERROR The api key provided is invalid
2023-04-19T16:08:31+00:00 ERROR The api key provided is invalid
2023-04-19T16:09:52+00:00 ERROR The api key provided is invalid
2023-04-19T16:09:53+00:00 ERROR The api key provided is invalid
2023-04-19T16:09:54+00:00 ERROR The api key provided is invalid
2023-04-19T16:09:58+00:00 ERROR The api key provided is invalid
2023-04-19T16:10:05+00:00 ERROR The api key provided is invalid
2023-04-19T16:10:38+00:00 ERROR The api key provided is invalid
2023-04-19T16:10:48+00:00 ERROR The api key provided is invalid
2023-04-19T16:11:11+00:00 ERROR The api key provided is invalid
2023-04-19T16:12:03+00:00 ERROR The api key provided is invalid
2023-04-19T16:12:23+00:00 ERROR The api key provided is invalid
2023-04-19T16:12:31+00:00 ERROR The api key provided is invalid
2023-04-19T16:12:44+00:00 ERROR The api key provided is invalid
2023-04-19T16:13:02+00:00 ERROR The api key provided is invalid
2023-04-19T16:13:49+00:00 ERROR The api key provided is invalid
2023-04-19T16:13:52+00:00 ERROR The api key provided is invalid
2023-04-19T16:14:46+00:00 ERROR The api key provided is invalid
2023-04-19T16:15:16+00:00 ERROR The api key provided is invalid
2023-04-19T16:15:18+00:00 ERROR The api key provided is invalid
2023-04-19T16:15:19+00:00 ERROR The api key provided is invalid
2023-04-19T16:15:21+00:00 ERROR The api key provided is invalid
2023-04-19T16:15:25+00:00 ERROR The api key provided is invalid
2023-04-19T16:18:22+00:00 ERROR The api key provided is invalid
2023-04-19T16:19:07+00:00 ERROR The api key provided is invalid
2023-04-19T16:19:36+00:00 ERROR The api key provided is invalid
2023-04-19T16:19:37+00:00 ERROR The api key provided is invalid
2023-04-19T16:19:40+00:00 ERROR The api key provided is invalid
2023-04-19T16:19:59+00:00 ERROR The api key provided is invalid
2023-04-19T16:20:04+00:00 ERROR The api key provided is invalid
2023-04-19T16:20:11+00:00 ERROR The api key provided is invalid
2023-04-19T16:20:18+00:00 ERROR The api key provided is invalid
2023-04-19T16:20:24+00:00 ERROR The api key provided is invalid
2023-04-19T16:20:57+00:00 ERROR The api key provided is invalid
2023-04-19T16:21:01+00:00 ERROR The api key provided is invalid
2023-04-19T16:21:27+00:00 ERROR The api key provided is invalid
2023-04-19T16:21:45+00:00 ERROR The api key provided is invalid
2023-04-19T18:19:03+00:00 ERROR The api key provided is invalid
2023-04-19T18:19:11+00:00 ERROR The api key provided is invalid
2023-04-19T18:19:37+00:00 ERROR The api key provided is invalid
2023-04-19T18:19:44+00:00 ERROR The api key provided is invalid
2023-04-19T18:20:17+00:00 ERROR The api key provided is invalid
2023-04-19T19:02:30+00:00 ERROR The api key provided is invalid
2023-04-19T19:02:39+00:00 ERROR The api key provided is invalid
2023-04-19T19:02:42+00:00 ERROR The api key provided is invalid
2023-04-19T19:02:52+00:00 ERROR The api key provided is invalid
2023-04-19T19:07:32+00:00 ERROR The api key provided is invalid
2023-04-19T19:08:34+00:00 ERROR The api key provided is invalid
2023-04-19T19:09:10+00:00 ERROR The api key provided is invalid
2023-04-19T19:09:14+00:00 ERROR The api key provided is invalid
2023-04-19T19:09:40+00:00 ERROR The api key provided is invalid
2023-04-19T19:10:08+00:00 ERROR The api key provided is invalid
2023-04-19T19:10:10+00:00 ERROR The api key provided is invalid
2023-04-19T19:10:14+00:00 ERROR The api key provided is invalid
2023-04-19T19:10:15+00:00 ERROR The api key provided is invalid
2023-04-19T19:10:33+00:00 ERROR The api key provided is invalid
2023-04-19T19:10:55+00:00 ERROR The api key provided is invalid
2023-04-19T19:11:04+00:00 ERROR The api key provided is invalid
2023-04-19T19:12:49+00:00 ERROR The api key provided is invalid
2023-04-19T19:12:59+00:00 ERROR The api key provided is invalid
2023-04-19T19:13:01+00:00 ERROR The api key provided is invalid
2023-04-19T19:13:22+00:00 ERROR The api key provided is invalid
2023-04-19T19:13:24+00:00 ERROR The api key provided is invalid
2023-04-19T19:14:21+00:00 ERROR The api key provided is invalid
2023-04-19T19:14:31+00:00 ERROR The api key provided is invalid
2023-04-19T19:14:38+00:00 ERROR The api key provided is invalid
2023-04-19T19:15:37+00:00 ERROR The api key provided is invalid
2023-04-19T19:15:38+00:00 ERROR The api key provided is invalid
2023-04-19T19:15:49+00:00 ERROR The api key provided is invalid
2023-04-19T19:15:51+00:00 ERROR The api key provided is invalid
2023-04-19T19:16:08+00:00 ERROR The api key provided is invalid
2023-04-19T19:16:10+00:00 ERROR The api key provided is invalid
2023-04-19T19:16:32+00:00 ERROR The api key provided is invalid
2023-04-19T19:16:33+00:00 ERROR The api key provided is invalid
2023-04-19T19:17:44+00:00 ERROR The api key provided is invalid
2023-04-19T19:18:31+00:00 ERROR The api key provided is invalid
2023-04-19T19:18:32+00:00 ERROR The api key provided is invalid
2023-04-19T19:18:40+00:00 ERROR The api key provided is invalid
2023-04-19T19:20:16+00:00 ERROR The api key provided is invalid
2023-04-19T19:21:32+00:00 ERROR The api key provided is invalid
2023-04-19T19:21:38+00:00 ERROR The api key provided is invalid
2023-04-19T19:21:39+00:00 ERROR The api key provided is invalid
2023-04-19T19:21:54+00:00 ERROR The api key provided is invalid
2023-04-19T19:22:15+00:00 ERROR The api key provided is invalid
2023-04-19T19:22:51+00:00 ERROR The api key provided is invalid
2023-04-19T19:22:53+00:00 ERROR The api key provided is invalid
2023-04-19T19:23:15+00:00 ERROR The api key provided is invalid
2023-04-19T19:24:05+00:00 ERROR The api key provided is invalid
2023-04-19T19:24:23+00:00 ERROR The api key provided is invalid
2023-04-19T19:24:24+00:00 ERROR The api key provided is invalid
2023-04-19T19:24:32+00:00 ERROR The api key provided is invalid
2023-04-19T19:25:11+00:00 ERROR The api key provided is invalid
2023-04-19T19:25:30+00:00 ERROR The api key provided is invalid
2023-04-19T19:25:43+00:00 ERROR The api key provided is invalid
2023-04-19T19:26:05+00:00 ERROR The api key provided is invalid
2023-04-19T19:26:16+00:00 ERROR The api key provided is invalid
2023-04-19T23:10:04+00:00 ERROR The api key provided is invalid
